<?xml version="1.0" encoding="UTF-8"?>
<testsuites>
  <testsuite name="fastlane.lanes">
    
    
    
      
      <testcase classname="fastlane.lanes" name="0: default_platform" time="0.0323237">
        
      </testcase>
    
      
      <testcase classname="fastlane.lanes" name="1: lintDebug lintReportDebug assembleDebug clean" time="1209.6608431">
        
          <failure message="C:/Ruby31-x64/lib/ruby/gems/3.1.0/gems/fastlane-2.206.2/fastlane/lib/fastlane/actions/actions_helper.rb:67:in `execute_action&apos;&#10;C:/Ruby31-x64/lib/ruby/gems/3.1.0/gems/fastlane-2.206.2/fastlane/lib/fastlane/runner.rb:255:in `block in execute_action&apos;&#10;C:/Ruby31-x64/lib/ruby/gems/3.1.0/gems/fastlane-2.206.2/fastlane/lib/fastlane/runner.rb:229:in `chdir&apos;&#10;C:/Ruby31-x64/lib/ruby/gems/3.1.0/gems/fastlane-2.206.2/fastlane/lib/fastlane/runner.rb:229:in `execute_action&apos;&#10;C:/Ruby31-x64/lib/ruby/gems/3.1.0/gems/fastlane-2.206.2/fastlane/lib/fastlane/runner.rb:157:in `trigger_action_by_name&apos;&#10;C:/Ruby31-x64/lib/ruby/gems/3.1.0/gems/fastlane-2.206.2/fastlane/lib/fastlane/fast_file.rb:159:in `method_missing&apos;&#10;Fastfile:21:in `block (2 levels) in parsing_binding&apos;&#10;C:/Ruby31-x64/lib/ruby/gems/3.1.0/gems/fastlane-2.206.2/fastlane/lib/fastlane/lane.rb:33:in `call&apos;&#10;C:/Ruby31-x64/lib/ruby/gems/3.1.0/gems/fastlane-2.206.2/fastlane/lib/fastlane/runner.rb:49:in `block in execute&apos;&#10;C:/Ruby31-x64/lib/ruby/gems/3.1.0/gems/fastlane-2.206.2/fastlane/lib/fastlane/runner.rb:45:in `chdir&apos;&#10;C:/Ruby31-x64/lib/ruby/gems/3.1.0/gems/fastlane-2.206.2/fastlane/lib/fastlane/runner.rb:45:in `execute&apos;&#10;C:/Ruby31-x64/lib/ruby/gems/3.1.0/gems/fastlane-2.206.2/fastlane/lib/fastlane/lane_manager.rb:47:in `cruise_lane&apos;&#10;C:/Ruby31-x64/lib/ruby/gems/3.1.0/gems/fastlane-2.206.2/fastlane/lib/fastlane/command_line_handler.rb:36:in `handle&apos;&#10;C:/Ruby31-x64/lib/ruby/gems/3.1.0/gems/fastlane-2.206.2/fastlane/lib/fastlane/commands_generator.rb:110:in `block (2 levels) in run&apos;&#10;C:/Ruby31-x64/lib/ruby/gems/3.1.0/gems/commander-4.6.0/lib/commander/command.rb:187:in `call&apos;&#10;C:/Ruby31-x64/lib/ruby/gems/3.1.0/gems/commander-4.6.0/lib/commander/command.rb:157:in `run&apos;&#10;C:/Ruby31-x64/lib/ruby/gems/3.1.0/gems/commander-4.6.0/lib/commander/runner.rb:444:in `run_active_command&apos;&#10;C:/Ruby31-x64/lib/ruby/gems/3.1.0/gems/fastlane-2.206.2/fastlane_core/lib/fastlane_core/ui/fastlane_runner.rb:124:in `run!&apos;&#10;C:/Ruby31-x64/lib/ruby/gems/3.1.0/gems/commander-4.6.0/lib/commander/delegates.rb:18:in `run!&apos;&#10;C:/Ruby31-x64/lib/ruby/gems/3.1.0/gems/fastlane-2.206.2/fastlane/lib/fastlane/commands_generator.rb:354:in `run&apos;&#10;C:/Ruby31-x64/lib/ruby/gems/3.1.0/gems/fastlane-2.206.2/fastlane/lib/fastlane/commands_generator.rb:43:in `start&apos;&#10;C:/Ruby31-x64/lib/ruby/gems/3.1.0/gems/fastlane-2.206.2/fastlane/lib/fastlane/cli_tools_distributor.rb:123:in `take_off&apos;&#10;C:/Ruby31-x64/lib/ruby/gems/3.1.0/gems/fastlane-2.206.2/bin/fastlane:23:in `&lt;top (required)&gt;&apos;&#10;C:/Ruby31-x64/bin/fastlane:32:in `load&apos;&#10;C:/Ruby31-x64/bin/fastlane:32:in `&lt;main&gt;&apos;&#10;&#10;Exit status of command &apos;D:/Documents/android-project/proyek-lain/#BinarAcademy/BinarAndroidFinalProject/gradlew lintDebug lintReportDebug assembleDebug clean -p .&apos; was 1 instead of 0.&#10;Starting a Gradle Daemon, 1 incompatible and 2 stopped Daemons could not be reused, use --status for details&#10;&gt; Task :app:preBuild UP-TO-DATE&#10;&gt; Task :app:preDebugBuild UP-TO-DATE&#10;&gt; Task :app:compileDebugAidl NO-SOURCE&#10;&gt; Task :app:compileDebugRenderscript NO-SOURCE&#10;&gt; Task :app:dataBindingMergeDependencyArtifactsDebug&#10;&gt; Task :app:dataBindingMergeGenClassesDebug&#10;&gt; Task :app:generateDebugResValues&#10;&gt; Task :app:generateDebugResources&#10;&gt; Task :app:mergeDebugResources&#10;&gt; Task :app:packageDebugResources&#10;&gt; Task :app:generateDebugBuildConfig&#10;&gt; Task :app:parseDebugLocalResources&#10;&gt; Task :app:checkDebugAarMetadata&#10;&gt; Task :app:dataBindingGenBaseClassesDebug&#10;&gt; Task :app:mapDebugSourceSetPaths&#10;&gt; Task :app:createDebugCompatibleScreenManifests&#10;&gt; Task :app:extractDeepLinksDebug&#10;&gt; Task :app:processDebugMainManifest&#10;&gt; Task :app:processDebugManifest&#10;&gt; Task :app:preDebugAndroidTestBuild SKIPPED&#10;&gt; Task :app:javaPreCompileDebug&#10;&gt; Task :app:processDebugAndroidTestManifest&#10;&gt; Task :app:compileDebugAndroidTestRenderscript NO-SOURCE&#10;&gt; Task :app:extractProguardFiles&#10;&gt; Task :app:generateDebugAndroidTestResValues&#10;&gt; Task :app:mergeDebugNativeDebugMetadata NO-SOURCE&#10;&gt; Task :app:mergeDebugShaders&#10;&gt; Task :app:compileDebugShaders NO-SOURCE&#10;&gt; Task :app:generateDebugAssets UP-TO-DATE&#10;&gt; Task :app:mergeDebugAssets&#10;&gt; Task :app:compressDebugAssets&#10;&gt; Task :app:processDebugJavaRes NO-SOURCE&#10;&gt; Task :app:checkDebugDuplicateClasses&#10;&gt; Task :app:processDebugManifestForPackage&#10;&gt; Task :app:desugarDebugFileDependencies&#10;&gt; Task :app:mergeExtDexDebug&#10;&gt; Task :app:mergeLibDexDebug&#10;&gt; Task :app:mergeDebugJniLibFolders&#10;&gt; Task :app:mergeDebugNativeLibs NO-SOURCE&#10;&gt; Task :app:stripDebugDebugSymbols NO-SOURCE&#10;&gt; Task :app:validateSigningDebug&#10;&gt; Task :app:writeDebugAppMetadata&#10;&gt; Task :app:writeDebugSigningConfigVersions&#10;&gt; Task :clean UP-TO-DATE&#10;&gt; Task :app:processDebugResources&#10;&gt; Task :app:kaptGenerateStubsDebugKotlin&#10;Could not perform incremental compilation: Could not connect to Kotlin compile daemon&#10;Could not connect to kotlin daemon. Using fallback strategy.&#10;WARNING: An illegal reflective access operation has occurred&#10;WARNING: Illegal reflective access by org.jetbrains.kotlin.kapt3.util.ModuleManipulationUtilsKt (file:/C:/Users/anantyan/.gradle/caches/modules-2/files-2.1/org.jetbrains.kotlin/kotlin-annotation-processing-gradle/1.7.0/4af73d85cbf3357a2580f883cc2446c6fb813d3f/kotlin-annotation-processing-gradle-1.7.0.jar) to constructor com.sun.tools.javac.util.Context()&#10;WARNING: Please consider reporting this to the maintainers of org.jetbrains.kotlin.kapt3.util.ModuleManipulationUtilsKt&#10;WARNING: Use --illegal-access=warn to enable warnings of further illegal reflective access operations&#10;WARNING: All illegal access operations will be denied in a future release&#10;&#10;&gt; Task :app:kaptDebugKotlin&#10;warning: The following options were not recognized by any processor: &apos;[dagger.fastInit, kapt.kotlin.generated]&apos;&#10;&#10;&gt; Task :app:compileDebugKotlin&#10;&gt; Task :app:compileDebugJavaWithJavac&#10;&gt; Task :app:hiltAggregateDepsDebug&#10;&gt; Task :app:hiltJavaCompileDebug&#10;&gt; Task :app:bundleDebugClassesToCompileJar&#10;&gt; Task :app:transformDebugClassesWithAsm&#10;&gt; Task :app:dexBuilderDebug&#10;&gt; Task :app:mergeProjectDexDebug&#10;&gt; Task :app:mergeDebugJavaResource&#10;&gt; Task :app:lintAnalyzeDebug&#10;&gt; Task :app:packageDebug&#10;&gt; Task :app:createDebugApkListingFileRedirect&#10;&gt; Task :app:assembleDebug&#10;&#10;&gt; Task :app:lintReportDebug&#10;Wrote HTML report to file:///D:/Documents/android-project/proyek-lain/%23BinarAcademy/BinarAndroidFinalProject/app/build/reports/lint-results-debug.html&#10;&#10;&gt; Task :app:lintDebug&#10;&gt; Task :app:clean FAILED&#10;&#10;FAILURE: Build failed with an exception.&#10;&#10;* What went wrong:&#10;Execution failed for task &apos;:app:clean&apos;.&#10;&gt; java.io.IOException: Unable to delete directory &apos;D:\Documents\android-project\proyek-lain\#BinarAcademy\BinarAndroidFinalProject\app\build&apos;&#10;    Failed to delete some children. This might happen because a process has files open or has its working directory set in the target directory.&#10;    - D:\Documents\android-project\proyek-lain\#BinarAcademy\BinarAndroidFinalProject\app\build\intermediates\compile_and_runtime_not_namespaced_r_class_jar\debug\R.jar&#10;    - D:\Documents\android-project\proyek-lain\#BinarAcademy\BinarAndroidFinalProject\app\build\intermediates\compile_and_runtime_not_namespaced_r_class_jar\debug&#10;    - D:\Documents\android-project\proyek-lain\#BinarAcademy\BinarAndroidFinalProject\app\build\intermediates\compile_and_runtime_not_namespaced_r_class_jar&#10;    - D:\Documents\android-project\proyek-lain\#BinarAcademy\BinarAndroidFinalProject\app\build\intermediates\compile_app_classes_jar\debug\classes.jar&#10;    - D:\Documents\android-project\proyek-lain\#BinarAcademy\BinarAndroidFinalProject\app\build\intermediates\compile_app_classes_jar\debug&#10;    - D:\Documents\android-project\proyek-lain\#BinarAcademy\BinarAndroidFinalProject\app\build\intermediates\compile_app_classes_jar&#10;    - D:\Documents\android-project\proyek-lain\#BinarAcademy\BinarAndroidFinalProject\app\build\intermediates&#10;&#10;* Try:&#10;&gt; Run with --stacktrace option to get the stack trace.&#10;&gt; Run with --info or --debug option to get more log output.&#10;&gt; Run with --scan to get full insights.&#10;&#10;* Get more help at https://help.gradle.org&#10;&#10;BUILD FAILED in 20m 6s&#10;49 actionable tasks: 48 executed, 1 up-to-date&#10;" />
        
      </testcase>
    
  </testsuite>
</testsuites>
